14:27:06.386 INFO [GridLauncherV3.parse] - Selenium server version: 3.141.59, revision: e82be7d358
14:27:06.490 INFO [GridLauncherV3.lambda$buildLaunchers$3] - Launching a standalone Selenium Server on port 4444
2019-08-10 14:27:06.548:INFO::main: Logging initialized @424ms to org.seleniumhq.jetty9.util.log.StdErrLog
14:27:06.800 INFO [WebDriverServlet.<init>] - Initialising WebDriverServlet
14:27:06.975 INFO [SeleniumServer.boot] - Selenium Server is up and running on port 4444
14:27:07.380 INFO [ActiveSessionFactory.apply] - Capabilities are: {
  "acceptSslCerts": true,
  "browserName": "chrome",
  "chromeOptions": {
    "w3c": false,
    "args": [
    ]
  },
  "name": "Test Get"
}
14:27:07.382 INFO [ActiveSessionFactory.lambda$apply$11] - Matched factory org.openqa.selenium.grid.session.remote.ServicedSession$Factory (provider: org.openqa.selenium.chrome.ChromeDriverService)
Starting ChromeDriver 76.0.3809.68 (420c9498db8ce8fcd190a954d51297672c1515d5-refs/branch-heads/3809@{#864}) on port 3034
Only local connections are allowed.
Please protect ports used by ChromeDriver and related test frameworks to prevent access by malicious code.
14:27:10.673 INFO [ProtocolHandshake.createSession] - Detected dialect: OSS
14:27:11.044 INFO [RemoteSession$Factory.lambda$performHandshake$0] - Started new session e58f3108c20d144f1b16d72acd8ee740 (org.openqa.selenium.chrome.ChromeDriverService)
14:27:12.422 INFO [ActiveSessions$1.onStop] - Removing session e58f3108c20d144f1b16d72acd8ee740 (org.openqa.selenium.chrome.ChromeDriverService)
